
=== Tue May  4 12:35:39 2021

Packages were changed.
Update Mode: updateDependencies

The following packages were updated:
  com.unity.2d.animation from version 3.2.3 to 3.2.5
  com.unity.2d.pixel-perfect from version 2.0.4 to 2.1.0
  com.unity.2d.psdimporter from version 2.1.4 to 2.1.6
  com.unity.2d.spriteshape from version 3.0.14 to 3.0.15
  com.unity.ide.rider from version 1.1.4 to 1.2.1
  com.unity.ide.vscode from version 1.2.1 to 1.2.3
  com.unity.purchasing from version 2.0.6 to 3.0.2
  com.unity.test-framework from version 1.1.14 to 1.1.24
  com.unity.textmeshpro from version 2.0.1 to 2.1.4
  com.unity.timeline from version 1.2.15 to 1.2.18

=== Wed May  5 07:42:51 2021

Packages were changed.
Update Mode: updateDependencies

The following packages were added:
  com.unity.ide.visualstudio@2.0.7
The following packages were updated:
  com.unity.2d.animation from version 3.2.5 to 5.0.4
  com.unity.2d.pixel-perfect from version 2.1.0 to 4.0.1
  com.unity.2d.psdimporter from version 2.1.6 to 4.0.2
  com.unity.2d.spriteshape from version 3.0.15 to 5.1.1
  com.unity.collab-proxy from version 1.2.16 to 1.3.9
  com.unity.ide.rider from version 1.2.1 to 2.0.7
  com.unity.purchasing from version 2.2.2 to 3.0.2
  com.unity.textmeshpro from version 2.1.4 to 3.0.1
  com.unity.timeline from version 1.2.18 to 1.4.7

=== Sat May  8 20:04:59 2021

Packages were changed.
Update Mode: updateDependencies

The following packages were updated:
  com.unity.purchasing from version 2.2.2 to 3.0.2
